<?xml version="1.0" encoding="UTF-8"?>
<!-- Generated by org.testng.reporters.JUnitReportReporter -->
<testsuite hostname="BPSSMBA028s-MacBook-Air.local" failures="0" tests="1" name="restassured.com.getRegularisedEmployeedata" time="7.427" errors="0" timestamp="2020-01-06T18:39:22 IST" skipped="0">
  <testcase classname="restassured.com.getRegularisedEmployeedata" name="GetPAN" time="7.427"/>
</testsuite> <!-- restassured.com.getRegularisedEmployeedata -->
