<?xml version="1.0" encoding="UTF-8"?>
<!-- Generated by org.testng.reporters.JUnitReportReporter -->
<testsuite hostname="BPSSMBA028s-MacBook-Air.local" failures="0" tests="1" name="restassured.com.getPAN" time="7.720" errors="0" timestamp="2020-01-06T17:00:05 IST" skipped="0">
  <testcase classname="restassured.com.getPAN" name="GetPAN" time="7.720"/>
</testsuite> <!-- restassured.com.getPAN -->
